[00:00:00.000] (369c) INFO   Compiling took 0
[00:00:00.000] (369c) INFO   fill in input took 0
[00:00:00.000] (1c68) INFO   0 0 2 2
[00:00:00.000] (1c70) INFO   0 0 2 2
[00:00:00.000] (428) INFO   0 0 2 2
[00:00:00.000] (b9c) INFO   0 0 2 2
[00:00:00.000] (3528) INFO   0 0 2 2
[00:00:00.000] (2340) INFO   0 2 2 2
[00:00:00.000] (2340) INFO   0 0
[00:00:00.000] (2340) INFO   1 2
[00:00:00.000] (2340) INFO   0 1
[00:00:00.001] (2340) INFO   1 3
[00:00:00.001] (2340) INFO   2 0
[00:00:00.001] (2340) INFO   3 2
[00:00:00.001] (2340) INFO   2 1
[00:00:00.001] (2340) INFO   3 3
[00:00:00.001] (1c68) INFO   0 0 2 2
[00:00:00.001] (369c) INFO   Evaluation took 1
[00:00:00.001] (369c) INFO   [24.0, 28.0, 29.0, 34.0]
[00:00:02.462] (51c0) INFO   Compiling took 0
[00:00:06.059] (51c0) INFO   fill in input took 3597
[00:00:07.101] (51c0) INFO   Evaluation took 1041
